Removed Pin From Net: NetName=12 Pin=*1-3
Removed Pin From Net: NetName=13 Pin=*1-4
Removed Pin From Net: NetName=10 Pin=Arduinomini-0
Removed Pin From Net: NetName=A2 Pin=D2-2
Removed Pin From Net: NetName=A3 Pin=D3-2
Removed Pin From Net: NetName=A0 Pin=LED1-2
Removed Pin From Net: NetName=A1 Pin=LED2-2
Removed Pin From Net: NetName=A0 Pin=U1-2
Removed Pin From Net: NetName=A1 Pin=U3-2
Added Pin To Net: NetName=11 Pin=*1-4
Added Pin To Net: NetName=13 Pin=D2-2
Added Pin To Net: NetName=9 Pin=D3-2
Added Pin To Net: NetName=8 Pin=LED1-2
Added Pin To Net: NetName=7 Pin=LED2-2
Added Pin To Net: NetName=8 Pin=U1-2
Added Pin To Net: NetName=7 Pin=U3-2
Added Pin To Net: NetName=RX_LORA Pin=*1-3
Added Pin To Net: NetName=RX_LORA Pin=Arduinomini-0
Added Net: Name=RX_LORA
Added Room: Name=Sheet_Receive
