Removed Pin From Net: NetName=10 Pin=Arduinomini1-0
Removed Pin From Net: NetName=11 Pin=Arduinomini1-1
Removed Pin From Net: NetName=12 Pin=Arduinomini1-2
Removed Pin From Net: NetName=13 Pin=Arduinomini1-3
Removed Pin From Net: NetName=A0 Pin=Arduinomini1-4
Removed Pin From Net: NetName=A1 Pin=Arduinomini1-5
Removed Pin From Net: NetName=A2 Pin=Arduinomini1-6
Removed Pin From Net: NetName=A3 Pin=Arduinomini1-7
Removed Pin From Net: NetName=VCC Pin=Arduinomini1-8
Removed Pin From Net: NetName=RST Pin=Arduinomini1-9
Removed Pin From Net: NetName=GND Pin=Arduinomini1-10
Removed Pin From Net: NetName=RAW Pin=Arduinomini1-11
Removed Pin From Net: NetName=9 Pin=Arduinomini1-12
Removed Pin From Net: NetName=8 Pin=Arduinomini1-13
Removed Pin From Net: NetName=7 Pin=Arduinomini1-14
Removed Pin From Net: NetName=6 Pin=Arduinomini1-15
Removed Pin From Net: NetName=5 Pin=Arduinomini1-16
Removed Pin From Net: NetName=4 Pin=Arduinomini1-17
Removed Pin From Net: NetName=3 Pin=Arduinomini1-18
Removed Pin From Net: NetName=2 Pin=Arduinomini1-19
Removed Pin From Net: NetName=GND Pin=Arduinomini1-20
Removed Pin From Net: NetName=RST Pin=Arduinomini1-21
Removed Pin From Net: NetName=RXD Pin=Arduinomini1-22
Removed Pin From Net: NetName=TXD Pin=Arduinomini1-23
Removed Pin From Net: NetName=A7 Pin=Arduinomini1-24
Removed Pin From Net: NetName=A5 Pin=Arduinomini1-25
Removed Pin From Net: NetName=A6 Pin=Arduinomini1-26
Removed Pin From Net: NetName=A4 Pin=Arduinomini1-27
Removed Pin From Net: NetName=VCC Pin=Arduinomini1-29
Removed Pin From Net: NetName=GND Pin=Arduinomini1-33
Removed Pin From Net: NetName=GND Pin=Arduinomini1-34
Removed Pin From Net: NetName=GND Pin=Arduinomini1-35
Removed Pin From Net: NetName=VCC Pin=Arduinomini1-36
Removed Pin From Net: NetName=RXD Pin=Arduinomini1-37
Removed Pin From Net: NetName=TXD Pin=Arduinomini1-38
Removed Pin From Net: NetName=10 Pin=Speaker-2
Removed Pin From Net: NetName=NetLED1_1 Pin=U1-K
Removed Pin From Net: NetName=NetLED2_1 Pin=U3-K
Removed Member From Class: ClassName=Sheet_Receive Member=Arduinomini1
Change Component DesignItemId : Designator=LED1 Old DesignItemId=LED New DesignItemId=LED 3mm
Change Component DesignItemId : Designator=LED2 Old DesignItemId=LED New DesignItemId=LED 3mm
Change Component Footprint: Designator=LED1 Old Footprint=LED-5-BLUE New Footprint=LED3mm
Change Component Footprint: Designator=LED2 Old Footprint=LED-5-BLUE New Footprint=LED3mm
Change Component Comment : Designator=LED1 Old Comment=LED New Comment=LED3
Change Component Comment : Designator=LED2 Old Comment=LED New Comment=LED3
Change Component Designator: OldDesignator=DC Converter NewDesignator=U2
Change Component Designator: OldDesignator=I2C NewDesignator=P1
Change Component Designator: OldDesignator=LORA NewDesignator=*1
Change Component Designator: OldDesignator=Speaker NewDesignator=LS1
Added Component: Designator=Arduinomini(Arduino_mini)
Added Component: Designator=Q(C1815)
Added Component: Designator=R21(R1/4W)
Added Component: Designator=R22(R1/4W)
Added Component: Designator=R?(R1/4W)
Added Pin To Net: NetName=10 Pin=Arduinomini-0
Added Pin To Net: NetName=11 Pin=Arduinomini-1
Added Pin To Net: NetName=12 Pin=Arduinomini-2
Added Pin To Net: NetName=13 Pin=Arduinomini-3
Added Pin To Net: NetName=A0 Pin=Arduinomini-4
Added Pin To Net: NetName=A1 Pin=Arduinomini-5
Added Pin To Net: NetName=A2 Pin=Arduinomini-6
Added Pin To Net: NetName=A3 Pin=Arduinomini-7
Added Pin To Net: NetName=VCC Pin=Arduinomini-8
Added Pin To Net: NetName=RST Pin=Arduinomini-9
Added Pin To Net: NetName=GND Pin=Arduinomini-10
Added Pin To Net: NetName=RAW Pin=Arduinomini-11
Added Pin To Net: NetName=9 Pin=Arduinomini-12
Added Pin To Net: NetName=8 Pin=Arduinomini-13
Added Pin To Net: NetName=7 Pin=Arduinomini-14
Added Pin To Net: NetName=6 Pin=Arduinomini-15
Added Pin To Net: NetName=5 Pin=Arduinomini-16
Added Pin To Net: NetName=4 Pin=Arduinomini-17
Added Pin To Net: NetName=3 Pin=Arduinomini-18
Added Pin To Net: NetName=2 Pin=Arduinomini-19
Added Pin To Net: NetName=GND Pin=Arduinomini-20
Added Pin To Net: NetName=RST Pin=Arduinomini-21
Added Pin To Net: NetName=RXD Pin=Arduinomini-22
Added Pin To Net: NetName=TXD Pin=Arduinomini-23
Added Pin To Net: NetName=A4 Pin=Arduinomini-24
Added Pin To Net: NetName=A5 Pin=Arduinomini-25
Added Pin To Net: NetName=A6 Pin=Arduinomini-26
Added Pin To Net: NetName=A7 Pin=Arduinomini-27
Added Pin To Net: NetName=GND Pin=Q-2
Added Pin To Net: NetName=NetLED1_1 Pin=R21-1
Added Pin To Net: NetName=VCC Pin=R21-2
Added Pin To Net: NetName=NetLED2_1 Pin=R22-1
Added Pin To Net: NetName=VCC Pin=R22-2
Added Pin To Net: NetName=10 Pin=R?-1
Added Pin To Net: NetName=A0 Pin=U1-K
Added Pin To Net: NetName=A1 Pin=U3-K
Added Pin To Net: NetName=NetLS1_2 Pin=LS1-2
Added Pin To Net: NetName=NetLS1_2 Pin=Q-3
Added Net: Name=NetLS1_2
Added Pin To Net: NetName=NetQ_1 Pin=Q-1
Added Pin To Net: NetName=NetQ_1 Pin=R?-2
Added Net: Name=NetQ_1
Added Member To Class: ClassName=Sheet_Receive Member=Component Arduinomini ARD_Mini
Added Member To Class: ClassName=Sheet_Receive Member=Component Q C1815
Added Member To Class: ClassName=Sheet_Receive Member=Component R21 1k
Added Member To Class: ClassName=Sheet_Receive Member=Component R22 1k
Added Member To Class: ClassName=Sheet_Receive Member=Component R? 10k
Added Room: Name=Sheet_Receive
