Added Component: Designator=C1(JP4-C1T)
Add component. Clean all parameters for all variants
Add component (AddParameter): Name = "ComponentLink1 Description"; Value = "Manufacturer"; VariantName = "[No Variations]"
Add component (AddParameter): Name = "ComponentLink1URL"; Value = "http://www.we-online.com"; VariantName = "[No Variations]"
Add component (AddParameter): Name = "ComponentLink2 Description"; Value = "Datasheet"; VariantName = "[No Variations]"
Add component (AddParameter): Name = "ComponentLink2URL"; Value = "http://katalog.we-online.de/em/datasheet/6130xx143121.pdf"; VariantName = "[No Variations]"
Add component (AddParameter): Name = "Created by"; Value = "Karrer Zheng"; VariantName = "[No Variations]"
Add component (AddParameter): Name = "Created Date"; Value = "29 March 2013"; VariantName = "[No Variations]"
Add component (AddParameter): Name = "Manufacturer"; Value = "W¨¹rth Elektronik eiSos GmbH"; VariantName = "[No Variations]"
Add component (AddParameter): Name = "NoPins"; Value = "04"; VariantName = "[No Variations]"
Add component (AddParameter): Name = "partNo"; Value = "613004143121"; VariantName = "[No Variations]"
Added Component: Designator=C2(JP4-C1T)
Add component. Clean all parameters for all variants
Add component (AddParameter): Name = "ComponentLink1 Description"; Value = "Manufacturer"; VariantName = "[No Variations]"
Add component (AddParameter): Name = "ComponentLink1URL"; Value = "http://www.we-online.com"; VariantName = "[No Variations]"
Add component (AddParameter): Name = "ComponentLink2 Description"; Value = "Datasheet"; VariantName = "[No Variations]"
Add component (AddParameter): Name = "ComponentLink2URL"; Value = "http://katalog.we-online.de/em/datasheet/6130xx143121.pdf"; VariantName = "[No Variations]"
Add component (AddParameter): Name = "Created by"; Value = "Karrer Zheng"; VariantName = "[No Variations]"
Add component (AddParameter): Name = "Created Date"; Value = "29 March 2013"; VariantName = "[No Variations]"
Add component (AddParameter): Name = "Manufacturer"; Value = "W¨¹rth Elektronik eiSos GmbH"; VariantName = "[No Variations]"
Add component (AddParameter): Name = "NoPins"; Value = "04"; VariantName = "[No Variations]"
Add component (AddParameter): Name = "partNo"; Value = "613004143121"; VariantName = "[No Variations]"
Added Component: Designator=H1(Header5)
Add component. Clean all parameters for all variants
Added Component: Designator=J1(JP6-C1T)
Add component. Clean all parameters for all variants
Added Component: Designator=J2(JP2-C1T)
Add component. Clean all parameters for all variants
Added Component: Designator=J3(JP12-C1T)
Add component. Clean all parameters for all variants
Added Component: Designator=J4(JP12-C1T)
Add component. Clean all parameters for all variants
Added Component: Designator=J5(JP3-C1T)
Add component. Clean all parameters for all variants
Added Component: Designator=LS1(SPEAKER)
Add component. Clean all parameters for all variants
Add component (AddParameter): Name = "LatestRevisionDate"; Value = "17-Jul-2002"; VariantName = "[No Variations]"
Add component (AddParameter): Name = "LatestRevisionNote"; Value = "Re-released for DXP Platform."; VariantName = "[No Variations]"
Add component (AddParameter): Name = "PackageReference"; Value = "PIN2"; VariantName = "[No Variations]"
Add component (AddParameter): Name = "Published"; Value = "24-Mar-1999"; VariantName = "[No Variations]"
Add component (AddParameter): Name = "Publisher"; Value = "Altium Limited"; VariantName = "[No Variations]"
Added Component: Designator=P1(HED2T)
Add component. Clean all parameters for all variants
Add component (AddParameter): Name = "LatestRevisionDate"; Value = "17-Jul-2002"; VariantName = "[No Variations]"
Add component (AddParameter): Name = "LatestRevisionNote"; Value = "Re-released for DXP Platform."; VariantName = "[No Variations]"
Add component (AddParameter): Name = "Publisher"; Value = "Altium Limited"; VariantName = "[No Variations]"
Added Component: Designator=P2(HEADER 2PIN)
Add component. Clean all parameters for all variants
Add component (AddParameter): Name = "LatestRevisionDate"; Value = "17-Jul-2002"; VariantName = "[No Variations]"
Add component (AddParameter): Name = "LatestRevisionNote"; Value = "Re-released for DXP Platform."; VariantName = "[No Variations]"
Add component (AddParameter): Name = "Publisher"; Value = "Altium Limited"; VariantName = "[No Variations]"
Added Component: Designator=P3(HEADER 2PIN)
Add component. Clean all parameters for all variants
Add component (AddParameter): Name = "LatestRevisionDate"; Value = "17-Jul-2002"; VariantName = "[No Variations]"
Add component (AddParameter): Name = "LatestRevisionNote"; Value = "Re-released for DXP Platform."; VariantName = "[No Variations]"
Add component (AddParameter): Name = "Publisher"; Value = "Altium Limited"; VariantName = "[No Variations]"
Added Component: Designator=P4(HEADER 2PIN)
Add component. Clean all parameters for all variants
Add component (AddParameter): Name = "LatestRevisionDate"; Value = "17-Jul-2002"; VariantName = "[No Variations]"
Add component (AddParameter): Name = "LatestRevisionNote"; Value = "Re-released for DXP Platform."; VariantName = "[No Variations]"
Add component (AddParameter): Name = "Publisher"; Value = "Altium Limited"; VariantName = "[No Variations]"
Added Component: Designator=P5(HEADER 2PIN)
Add component. Clean all parameters for all variants
Add component (AddParameter): Name = "LatestRevisionDate"; Value = "17-Jul-2002"; VariantName = "[No Variations]"
Add component (AddParameter): Name = "LatestRevisionNote"; Value = "Re-released for DXP Platform."; VariantName = "[No Variations]"
Add component (AddParameter): Name = "Publisher"; Value = "Altium Limited"; VariantName = "[No Variations]"
Added Pin To Net: NetName=2 Pin=H1-4
Added Pin To Net: NetName=2 Pin=J3-5
Added Net: Name=2
Added Pin To Net: NetName=3 Pin=H1-3
Added Pin To Net: NetName=3 Pin=J3-6
Added Net: Name=3
Added Pin To Net: NetName=4 Pin=J3-7
Added Net: Name=4
Added Pin To Net: NetName=5 Pin=J3-8
Added Net: Name=5
Added Pin To Net: NetName=6 Pin=J3-9
Added Net: Name=6
Added Pin To Net: NetName=7 Pin=J3-10
Added Net: Name=7
Added Pin To Net: NetName=8 Pin=J3-11
Added Net: Name=8
Added Pin To Net: NetName=9 Pin=J3-12
Added Net: Name=9
Added Pin To Net: NetName=10 Pin=J4-12
Added Pin To Net: NetName=10 Pin=LS1-2
Added Net: Name=10
Added Pin To Net: NetName=11 Pin=J4-11
Added Net: Name=11
Added Pin To Net: NetName=12 Pin=C2-2
Added Pin To Net: NetName=12 Pin=J4-10
Added Net: Name=12
Added Pin To Net: NetName=13 Pin=C2-1
Added Pin To Net: NetName=13 Pin=J4-9
Added Net: Name=13
Added Pin To Net: NetName=A0 Pin=J4-8
Added Net: Name=A0
Added Pin To Net: NetName=A1 Pin=J4-7
Added Net: Name=A1
Added Pin To Net: NetName=A2 Pin=J4-6
Added Net: Name=A2
Added Pin To Net: NetName=A3 Pin=J4-5
Added Net: Name=A3
Added Pin To Net: NetName=A4 Pin=C1-1
Added Pin To Net: NetName=A4 Pin=J2-2
Added Net: Name=A4
Added Pin To Net: NetName=A5 Pin=C1-2
Added Pin To Net: NetName=A5 Pin=J2-1
Added Net: Name=A5
Added Pin To Net: NetName=A6 Pin=J5-2
Added Net: Name=A6
Added Pin To Net: NetName=A7 Pin=J5-1
Added Net: Name=A7
Added Pin To Net: NetName=DTR Pin=J1-6
Added Net: Name=DTR
Added Pin To Net: NetName=GND Pin=C1-4
Added Pin To Net: NetName=GND Pin=C2-3
Added Pin To Net: NetName=GND Pin=H1-2
Added Pin To Net: NetName=GND Pin=J1-1
Added Pin To Net: NetName=GND Pin=J1-2
Added Pin To Net: NetName=GND Pin=J3-4
Added Pin To Net: NetName=GND Pin=J4-2
Added Pin To Net: NetName=GND Pin=J5-3
Added Pin To Net: NetName=GND Pin=P5-1
Added Pin To Net: NetName=GND Pin=P5-2
Added Net: Name=GND
Added Pin To Net: NetName=GPIO_LORA Pin=H1-5
Added Net: Name=GPIO_LORA
Added Pin To Net: NetName=RAW Pin=J4-1
Added Net: Name=RAW
Added Pin To Net: NetName=RST Pin=J3-3
Added Pin To Net: NetName=RST Pin=J4-3
Added Net: Name=RST
Added Pin To Net: NetName=RXD Pin=J1-4
Added Pin To Net: NetName=RXD Pin=J3-2
Added Net: Name=RXD
Added Pin To Net: NetName=TXD Pin=J1-5
Added Pin To Net: NetName=TXD Pin=J3-1
Added Net: Name=TXD
Added Pin To Net: NetName=VCC Pin=C1-3
Added Pin To Net: NetName=VCC Pin=C2-4
Added Pin To Net: NetName=VCC Pin=H1-1
Added Pin To Net: NetName=VCC Pin=J1-3
Added Pin To Net: NetName=VCC Pin=J4-4
Added Pin To Net: NetName=VCC Pin=LS1-1
Added Pin To Net: NetName=VCC Pin=P4-1
Added Pin To Net: NetName=VCC Pin=P4-2
Added Net: Name=VCC
Added Pin To Net: NetName=Vin+ Pin=P1-2
Added Pin To Net: NetName=Vin+ Pin=P2-1
Added Pin To Net: NetName=Vin+ Pin=P2-2
Added Net: Name=Vin+
Added Pin To Net: NetName=Vin- Pin=P1-1
Added Pin To Net: NetName=Vin- Pin=P3-1
Added Pin To Net: NetName=Vin- Pin=P3-2
Added Net: Name=Vin-
Added Class: Name=Sheet_Receive
Added Room: Name=Sheet_Receive
