Removed Pin From Net: NetName=GND Pin=J1-1
Removed Pin From Net: NetName=GND Pin=J1-2
Removed Pin From Net: NetName=VCC Pin=J1-3
Removed Pin From Net: NetName=RXD Pin=J1-4
Removed Pin From Net: NetName=TXD Pin=J1-5
Removed Pin From Net: NetName=DTR Pin=J1-6
Removed Pin From Net: NetName=A5 Pin=J2-1
Removed Pin From Net: NetName=A4 Pin=J2-2
Removed Pin From Net: NetName=TXD Pin=J3-1
Removed Pin From Net: NetName=RXD Pin=J3-2
Removed Pin From Net: NetName=RST Pin=J3-3
Removed Pin From Net: NetName=GND Pin=J3-4
Removed Pin From Net: NetName=2 Pin=J3-5
Removed Pin From Net: NetName=3 Pin=J3-6
Removed Pin From Net: NetName=4 Pin=J3-7
Removed Pin From Net: NetName=5 Pin=J3-8
Removed Pin From Net: NetName=6 Pin=J3-9
Removed Pin From Net: NetName=7 Pin=J3-10
Removed Pin From Net: NetName=8 Pin=J3-11
Removed Pin From Net: NetName=9 Pin=J3-12
Removed Pin From Net: NetName=RAW Pin=J4-1
Removed Pin From Net: NetName=GND Pin=J4-2
Removed Pin From Net: NetName=RST Pin=J4-3
Removed Pin From Net: NetName=VCC Pin=J4-4
Removed Pin From Net: NetName=A3 Pin=J4-5
Removed Pin From Net: NetName=A2 Pin=J4-6
Removed Pin From Net: NetName=A1 Pin=J4-7
Removed Pin From Net: NetName=A0 Pin=J4-8
Removed Pin From Net: NetName=13 Pin=J4-9
Removed Pin From Net: NetName=12 Pin=J4-10
Removed Pin From Net: NetName=11 Pin=J4-11
Removed Pin From Net: NetName=10 Pin=J4-12
Removed Pin From Net: NetName=A7 Pin=J5-1
Removed Pin From Net: NetName=A6 Pin=J5-2
Removed Pin From Net: NetName=GND Pin=J5-3
Removed Member From Class: ClassName=Sheet_Transmit Member=J1
Removed Member From Class: ClassName=Sheet_Transmit Member=J2
Removed Member From Class: ClassName=Sheet_Transmit Member=J3
Removed Member From Class: ClassName=Sheet_Transmit Member=J4
Removed Member From Class: ClassName=Sheet_Transmit Member=J5
Added Component: Designator=Arduinomini(Arduino_mini)
Add component. Clean all parameters for all variants
Added Pin To Net: NetName=10 Pin=Arduinomini-0
Added Pin To Net: NetName=11 Pin=Arduinomini-1
Added Pin To Net: NetName=12 Pin=Arduinomini-2
Added Pin To Net: NetName=13 Pin=Arduinomini-3
Added Pin To Net: NetName=A0 Pin=Arduinomini-4
Added Pin To Net: NetName=A1 Pin=Arduinomini-5
Added Pin To Net: NetName=A2 Pin=Arduinomini-6
Added Pin To Net: NetName=A3 Pin=Arduinomini-7
Added Pin To Net: NetName=VCC Pin=Arduinomini-8
Added Pin To Net: NetName=RST Pin=Arduinomini-9
Added Pin To Net: NetName=GND Pin=Arduinomini-10
Added Pin To Net: NetName=RAW Pin=Arduinomini-11
Added Pin To Net: NetName=9 Pin=Arduinomini-12
Added Pin To Net: NetName=8 Pin=Arduinomini-13
Added Pin To Net: NetName=7 Pin=Arduinomini-14
Added Pin To Net: NetName=6 Pin=Arduinomini-15
Added Pin To Net: NetName=5 Pin=Arduinomini-16
Added Pin To Net: NetName=4 Pin=Arduinomini-17
Added Pin To Net: NetName=3 Pin=Arduinomini-18
Added Pin To Net: NetName=2 Pin=Arduinomini-19
Added Pin To Net: NetName=GND Pin=Arduinomini-20
Added Pin To Net: NetName=RST Pin=Arduinomini-21
Added Pin To Net: NetName=RXD Pin=Arduinomini-22
Added Pin To Net: NetName=TXD Pin=Arduinomini-23
Added Pin To Net: NetName=A7 Pin=Arduinomini-24
Added Pin To Net: NetName=A5 Pin=Arduinomini-25
Added Pin To Net: NetName=A6 Pin=Arduinomini-26
Added Pin To Net: NetName=A4 Pin=Arduinomini-27
Added Pin To Net: NetName=VCC Pin=Arduinomini-29
Added Pin To Net: NetName=GND Pin=Arduinomini-33
Added Pin To Net: NetName=GND Pin=Arduinomini-34
Added Pin To Net: NetName=GND Pin=Arduinomini-35
Added Pin To Net: NetName=VCC Pin=Arduinomini-36
Added Pin To Net: NetName=RXD Pin=Arduinomini-37
Added Pin To Net: NetName=TXD Pin=Arduinomini-38
Added Pin To Net: NetName=DTR Pin=Arduinomini-39
Added Member To Class: ClassName=Sheet_Transmit Member=Component Arduinomini ARD_Mini
Added Room: Name=Sheet_Transmit
