Removed Pin From Net: NetName=GND_ext Pin=H2-1
Removed Pin From Net: NetName=INPUT Pin=H2-2
Removed Pin From Net: NetName=-IN Pin=H4-1
Removed Pin From Net: NetName=+IN Pin=H4-2
Removed Member From Class: ClassName=Sheet_Transmit Member=H2
Removed Member From Class: ClassName=Sheet_Transmit Member=H4
Change Component Footprint: Designator=L1 Old Footprint=L_0805 New Footprint=INDUCTOR SMD 1280 12x12x8mm
Change Component Footprint: Designator=L2 Old Footprint=L_0805 New Footprint=INDUCTOR SMD 1280 12x12x8mm
Change Component Comment : Designator=L1 Old Comment=INDUCTOR New Comment=220mH
Change Component Comment : Designator=L2 Old Comment=INDUCTOR New Comment=220mH
Change component parameters: Designator = "L1"; Footprint = "INDUCTOR SMD 1280 12x12x8mm"; UniqueID = "\HDPEMWSB"
Change component parameters. Clean all parameters for all variants
Change component parameters (AddParameter): Name = "Value"; Value = "150 mH"; VariantName = "[No Variations]"
Change component parameters: Designator = "L2"; Footprint = "INDUCTOR SMD 1280 12x12x8mm"; UniqueID = "\LLLDQJGK"
Change component parameters. Clean all parameters for all variants
Change component parameters (AddParameter): Name = "Value"; Value = "150 mH"; VariantName = "[No Variations]"
Added Component: Designator=P1(HED2T)
Add component. Clean all parameters for all variants
Add component (AddParameter): Name = "LatestRevisionDate"; Value = "17-Jul-2002"; VariantName = "[No Variations]"
Add component (AddParameter): Name = "LatestRevisionNote"; Value = "Re-released for DXP Platform."; VariantName = "[No Variations]"
Add component (AddParameter): Name = "Publisher"; Value = "Altium Limited"; VariantName = "[No Variations]"
Added Component: Designator=P2(HED2T)
Add component. Clean all parameters for all variants
Add component (AddParameter): Name = "LatestRevisionDate"; Value = "17-Jul-2002"; VariantName = "[No Variations]"
Add component (AddParameter): Name = "LatestRevisionNote"; Value = "Re-released for DXP Platform."; VariantName = "[No Variations]"
Add component (AddParameter): Name = "Publisher"; Value = "Altium Limited"; VariantName = "[No Variations]"
Added Pin To Net: NetName=GND_ext Pin=P1-1
Added Pin To Net: NetName=INPUT Pin=P1-2
Added Pin To Net: NetName=-IN Pin=P2-1
Added Pin To Net: NetName=+IN Pin=P2-2
Added Member To Class: ClassName=Sheet_Transmit Member=Component P1 Header 2
Added Member To Class: ClassName=Sheet_Transmit Member=Component P2 Header 2
Added Room: Name=Sheet_Transmit
